{
  "0 debug pnpm:scope": {
    "selected": 1
  },
  "1 error pnpm": {
    "errno": 1,
    "code": "ELIFECYCLE",
    "pkgid": "tp3@0.1.0",
    "stage": "dev",
    "script": "concurrently --raw \"pnpm backend\" \"pnpm serve\"",
    "pkgname": "tp3",
    "err": {
      "name": "pnpm",
      "message": "tp3@0.1.0 dev: `concurrently --raw \"pnpm backend\" \"pnpm serve\"`\nExit status 1",
      "code": "ELIFECYCLE",
      "stack": "pnpm: tp3@0.1.0 dev: `concurrently --raw \"pnpm backend\" \"pnpm serve\"`\nExit status 1\n    at EventEmitter.<anonymous> (C:\\Users\\Dave\\AppData\\Roaming\\npm\\node_modules\\pnpm\\dist\\pnpm.cjs:105700:20)\n    at EventEmitter.emit (node:events:390:28)\n    at ChildProcess.<anonymous> (C:\\Users\\Dave\\AppData\\Roaming\\npm\\node_modules\\pnpm\\dist\\pnpm.cjs:92261:18)\n    at ChildProcess.emit (node:events:390:28)\n    at maybeClose (node:internal/child_process:1064:16)\n    at Process.ChildProcess._handle.onexit (node:internal/child_process:301:5)"
    }
  },
  "2 warn pnpm:global": " Local package.json exists, but node_modules missing, did you mean to install?"
}